#
# A fatal error has been detected by the Java Runtime Environment:
#
#  EXCEPTION_ACCESS_VIOLATION (0xc0000005) at pc=0x00007ffc4063b16d, pid=6480, tid=8220
#
# JRE version: Java(TM) SE Runtime Environment 18.9 (11.0.13+10) (build 11.0.13+10-LTS-370)
# Java VM: Java HotSpot(TM) 64-Bit Server VM 18.9 (11.0.13+10-LTS-370, mixed mode, tiered, compressed oops, g1 gc, windows-amd64)
# Problematic frame:
# V  [jvm.dll+0x2cb16d]
#
# No core dump will be written. Minidumps are not enabled by default on client versions of Windows
#
# If you would like to submit a bug report, please visit:
#   https://bugreport.java.com/bugreport/crash.jsp
#

---------------  S U M M A R Y ------------

Command Line: --add-opens=java.base/java.util=ALL-UNNAMED --add-opens=java.base/java.lang=ALL-UNNAMED --add-opens=java.base/java.lang.invoke=ALL-UNNAMED --add-opens=java.prefs/java.util.prefs=ALL-UNNAMED -XX:MaxMetaspaceSize=256m -XX:+HeapDumpOnOutOfMemoryError -Xms256m -Xmx512m -Dfile.encoding=windows-1252 -Duser.country=IN -Duser.language=en -Duser.variant org.gradle.launcher.daemon.bootstrap.GradleDaemon 6.2

Host: Intel(R) Core(TM) i5-4440 CPU @ 3.10GHz, 4 cores, 7G,  Windows 10 , 64 bit Build 17763 (10.0.17763.475)
Time: Wed Apr 20 16:20:50 2022 India Standard Time elapsed time: 85.750164 seconds (0d 0h 1m 25s)

---------------  T H R E A D  ---------------

Current thread (0x000001b969ce7000):  GCTaskThread "GC Thread#2" [stack: 0x00000013a2500000,0x00000013a2600000] [id=8220]

Stack: [0x00000013a2500000,0x00000013a2600000],  sp=0x00000013a25ff720,  free space=1021k
Native frames: (J=compiled Java code, j=interpreted, Vv=VM code, C=native code)
V  [jvm.dll+0x2cb16d]
V  [jvm.dll+0x2f2aef]
V  [jvm.dll+0x2f3a39]
V  [jvm.dll+0x2f1f23]
V  [jvm.dll+0x3001de]
V  [jvm.dll+0x2febee]
V  [jvm.dll+0x2a6590]
V  [jvm.dll+0x2a64b1]
V  [jvm.dll+0x2d138b]
V  [jvm.dll+0x2ff286]
V  [jvm.dll+0x2d3969]
V  [jvm.dll+0x791c30]
V  [jvm.dll+0x720a54]
V  [jvm.dll+0x627606]
C  [ucrtbase.dll+0x2268a]
C  [KERNEL32.DLL+0x17974]
C  [ntdll.dll+0x5a0b1]


siginfo: EXCEPTION_ACCESS_VIOLATION (0xc0000005), reading address 0x00000000000000f8


Register to memory mapping:

RIP=0x00007ffc4063b16d jvm.dll
RAX=0x000001b94f018900 points into unknown readable memory: 0x0000000000000000 | 00 00 00 00 00 00 00 00
RBX=0x000001b96f077500 points into unknown readable memory: 0x00007ffc40bdab28 | 28 ab bd 40 fc 7f 00 00
RCX=0x0000000000000014 is an unknown value
RDX=0x0 is NULL
RSP=0x00000013a25ff720 points into unknown readable memory: 0x0000000000000003 | 03 00 00 00 00 00 00 00
RBP=0x000001b96f077670 points into unknown readable memory: 0x00007ffc40bdaae0 | e0 aa bd 40 fc 7f 00 00
RSI=0x000000010022d350 is pointing into metadata
RDI=0x00000000e57976fc is pointing into object: com.google.common.collect.CompactHashMap 
{0x00000000e57976d8} - klass: 'com/google/common/collect/CompactHashMap'
R8 =0x00000000e5797710 is pointing into object: com.google.common.collect.CompactHashMap 
{0x00000000e57976d8} - klass: 'com/google/common/collect/CompactHashMap'
R9 =0x0 is NULL
R10=0x00000000e5797710 is pointing into object: com.google.common.collect.CompactHashMap 
{0x00000000e57976d8} - klass: 'com/google/common/collect/CompactHashMap'
R11=0x000001b96f077670 points into unknown readable memory: 0x00007ffc40bdaae0 | e0 aa bd 40 fc 7f 00 00
R12=0x0000000000000001 is an unknown value
R13=0x0000000000000008 is an unknown value
R14=0x000000010022d348 is pointing into metadata
R15=0x00000000e57976d8 is an oop: com.google.common.collect.CompactHashMap 
{0x00000000e57976d8} - klass: 'com/google/common/collect/CompactHashMap'


Registers:
RAX=0x000001b94f018900, RBX=0x000001b96f077500, RCX=0x0000000000000014, RDX=0x0000000000000000
RSP=0x00000013a25ff720, RBP=0x000001b96f077670, RSI=0x000000010022d350, RDI=0x00000000e57976fc
R8 =0x00000000e5797710, R9 =0x0000000000000000, R10=0x00000000e5797710, R11=0x000001b96f077670
R12=0x0000000000000001, R13=0x0000000000000008, R14=0x000000010022d348, R15=0x00000000e57976d8
RIP=0x00007ffc4063b16d, EFLAGS=0x0000000000010246

Top of Stack: (sp=0x00000013a25ff720)
0x00000013a25ff720:   0000000000000003 00000000e57976cd
0x00000013a25ff730:   000001b968dce2d0 00000000e5797671
0x00000013a25ff740:   00000000e5797710 00007ffc40662aef
0x00000013a25ff750:   00000000e57976cc 00007ffc40663cb2
0x00000013a25ff760:   00000000e5797670 0000000000000040
0x00000013a25ff770:   000000000000000d 00000000e75f84f8
0x00000013a25ff780:   0000000000000001 00007ffc40663a39
0x00000013a25ff790:   0000000000000002 000001b96f077500
0x00000013a25ff7a0:   00000000e57976d8 00007ffc40639e8e
0x00000013a25ff7b0:   000001b900002000 00000013a25ffa78
0x00000013a25ff7c0:   0000000de96d2e00 0000000000000040
0x00000013a25ff7d0:   000001b96f077500 0000000000000040
0x00000013a25ff7e0:   000001b94f01a4e0 00000013a25ffa78
0x00000013a25ff7f0:   0000000000000000 000001b94f01a460
0x00000013a25ff800:   0000000000000100 00007ffc40661f23
0x00000013a25ff810:   000001b94f01a460 00000000e3c3ab75 

Instructions: (pc=0x00007ffc4063b16d)
0x00007ffc4063b14d:   8b d9 d1 e8 a8 01 75 6b 48 8b 41 08 8b 88 c0 02
0x00007ffc4063b15d:   00 00 48 8b 80 b0 02 00 00 49 d3 e9 4a 8b 14 c8
0x00007ffc4063b16d:   48 8b 82 f8 00 00 00 83 b8 18 01 00 00 00 74 43
0x00007ffc4063b17d:   48 8b 4b 50 48 89 7c 24 30 49 c1 e8 09 48 8b 79 


Stack slot to memory mapping:
stack at sp + 0 slots: 0x0000000000000003 is an unknown value
stack at sp + 1 slots: 0x00000000e57976cd is pointing into object: com.google.common.collect.HashMultimap 
{0x00000000e57976a8} - klass: 'com/google/common/collect/HashMultimap'
stack at sp + 2 slots: 0x000001b968dce2d0 points into unknown readable memory: 0x00007ffc40c2b698 | 98 b6 c2 40 fc 7f 00 00
stack at sp + 3 slots: 0x00000000e5797671 is pointing into object: [Ljava.lang.Object; 
{0x00000000e5797660} - klass: 'java/lang/Object'[]
 - length: 1
stack at sp + 4 slots: 0x00000000e5797710 is pointing into object: com.google.common.collect.CompactHashMap 
{0x00000000e57976d8} - klass: 'com/google/common/collect/CompactHashMap'
stack at sp + 5 slots: 0x00007ffc40662aef jvm.dll
stack at sp + 6 slots: 0x00000000e57976cc is pointing into object: com.google.common.collect.HashMultimap 
{0x00000000e57976a8} - klass: 'com/google/common/collect/HashMultimap'
stack at sp + 7 slots: 0x00007ffc40663cb2 jvm.dll


---------------  P R O C E S S  ---------------

Threads class SMR info:
_java_thread_list=0x000001b96f363a00, length=40, elements={
0x000001b94effe800, 0x000001b968e14800, 0x000001b968e3e800, 0x000001b968e5a800,
0x000001b968e5c800, 0x000001b968e5e800, 0x000001b9697a5800, 0x000001b9697ac800,
0x000001b9697ae800, 0x000001b96991b000, 0x000001b96a665800, 0x000001b969e67000,
0x000001b969e69800, 0x000001b96ada0000, 0x000001b96a72f800, 0x000001b96a4fd000,
0x000001b96a6b7800, 0x000001b96ad98800, 0x000001b96ad9a000, 0x000001b969831000,
0x000001b96982e000, 0x000001b96982b800, 0x000001b969832000, 0x000001b96982c000,
0x000001b969830000, 0x000001b96982e800, 0x000001b96982d000, 0x000001b96982f800,
0x000001b96b964800, 0x000001b96b95f800, 0x000001b96b961000, 0x000001b96b960800,
0x000001b96b962000, 0x000001b96b95e800, 0x000001b96b965000, 0x000001b96b966000,
0x000001b96b967000, 0x000001b96b967800, 0x000001b96b968800, 0x000001b96b962800
}

Java Threads: ( => current thread )
  0x000001b94effe800 JavaThread "main" [_thread_blocked, id=1868, stack(0x00000013a1200000,0x00000013a1300000)]
  0x000001b968e14800 JavaThread "Reference Handler" daemon [_thread_blocked, id=3808, stack(0x00000013a1900000,0x00000013a1a00000)]
  0x000001b968e3e800 JavaThread "Finalizer" daemon [_thread_blocked, id=11364, stack(0x00000013a1a00000,0x00000013a1b00000)]
  0x000001b968e5a800 JavaThread "Signal Dispatcher" daemon [_thread_blocked, id=7624, stack(0x00000013a1b00000,0x00000013a1c00000)]
  0x000001b968e5c800 JavaThread "Attach Listener" daemon [_thread_blocked, id=4268, stack(0x00000013a1c00000,0x00000013a1d00000)]
  0x000001b968e5e800 JavaThread "Service Thread" daemon [_thread_blocked, id=9576, stack(0x00000013a1d00000,0x00000013a1e00000)]
  0x000001b9697a5800 JavaThread "C2 CompilerThread0" daemon [_thread_blocked, id=8516, stack(0x00000013a1e00000,0x00000013a1f00000)]
  0x000001b9697ac800 JavaThread "C1 CompilerThread0" daemon [_thread_blocked, id=7228, stack(0x00000013a1f00000,0x00000013a2000000)]
  0x000001b9697ae800 JavaThread "Sweeper thread" daemon [_thread_blocked, id=2188, stack(0x00000013a2000000,0x00000013a2100000)]
  0x000001b96991b000 JavaThread "Common-Cleaner" daemon [_thread_blocked, id=11420, stack(0x00000013a2100000,0x00000013a2200000)]
  0x000001b96a665800 JavaThread "Daemon health stats" [_thread_blocked, id=9364, stack(0x00000013a2300000,0x00000013a2400000)]
  0x000001b969e67000 JavaThread "Incoming local TCP Connector on port 50269" [_thread_in_native, id=11036, stack(0x00000013a2800000,0x00000013a2900000)]
  0x000001b969e69800 JavaThread "Daemon periodic checks" [_thread_blocked, id=11800, stack(0x00000013a2900000,0x00000013a2a00000)]
  0x000001b96ada0000 JavaThread "Daemon" [_thread_blocked, id=8208, stack(0x00000013a2a00000,0x00000013a2b00000)]
  0x000001b96a72f800 JavaThread "Handler for socket connection from /127.0.0.1:50269 to /127.0.0.1:50270" [_thread_in_native, id=11560, stack(0x00000013a2b00000,0x00000013a2c00000)]
  0x000001b96a4fd000 JavaThread "Cancel handler" [_thread_blocked, id=11248, stack(0x00000013a2c00000,0x00000013a2d00000)]
  0x000001b96a6b7800 JavaThread "Daemon worker" [_thread_blocked, id=11600, stack(0x00000013a2d00000,0x00000013a2e00000)]
  0x000001b96ad98800 JavaThread "Asynchronous log dispatcher for DefaultDaemonConnection: socket connection from /127.0.0.1:50269 to /127.0.0.1:50270" [_thread_blocked, id=8420, stack(0x00000013a2e00000,0x00000013a2f00000)]
  0x000001b96ad9a000 JavaThread "Stdin handler" [_thread_blocked, id=10048, stack(0x00000013a2f00000,0x00000013a3000000)]
  0x000001b969831000 JavaThread "Thread-8" [_thread_blocked, id=2324, stack(0x00000013a3000000,0x00000013a3100000)]
  0x000001b96982e000 JavaThread "Cache worker for journal cache (C:\Users\affity\.gradle\caches\journal-1)" [_thread_blocked, id=11856, stack(0x00000013a3100000,0x00000013a3200000)]
  0x000001b96982b800 JavaThread "File lock request listener" [_thread_in_native, id=9720, stack(0x00000013a3200000,0x00000013a3300000)]
  0x000001b969832000 JavaThread "Cache worker for file hash cache (C:\Users\affity\.gradle\caches\6.2\fileHashes)" [_thread_blocked, id=11860, stack(0x00000013a3300000,0x00000013a3400000)]
  0x000001b96982c000 JavaThread "Cache worker for checksums cache (E:\react-native\team-motivation-1\team-motivation-1\android\.gradle\checksums)" [_thread_blocked, id=8676, stack(0x00000013a3400000,0x00000013a3500000)]
  0x000001b969830000 JavaThread "Cache worker for file hash cache (E:\react-native\team-motivation-1\team-motivation-1\android\.gradle\6.2\fileHashes)" [_thread_blocked, id=8680, stack(0x00000013a3500000,0x00000013a3600000)]
  0x000001b96982e800 JavaThread "Cache worker for cache directory md-supplier (C:\Users\affity\.gradle\caches\6.2\md-supplier)" [_thread_blocked, id=8148, stack(0x00000013a3600000,0x00000013a3700000)]
  0x000001b96982d000 JavaThread "Cache worker for cache directory md-rule (C:\Users\affity\.gradle\caches\6.2\md-rule)" [_thread_blocked, id=6992, stack(0x00000013a3700000,0x00000013a3800000)]
  0x000001b96982f800 JavaThread "Cache worker for execution history cache (C:\Users\affity\.gradle\caches\6.2\executionHistory)" [_thread_blocked, id=11752, stack(0x00000013a3800000,0x00000013a3900000)]
  0x000001b96b964800 JavaThread "Build operations" [_thread_blocked, id=9176, stack(0x00000013a3900000,0x00000013a3a00000)]
  0x000001b96b95f800 JavaThread "Build operations Thread 2" [_thread_blocked, id=7360, stack(0x00000013a3a00000,0x00000013a3b00000)]
  0x000001b96b961000 JavaThread "Build operations Thread 3" [_thread_blocked, id=8324, stack(0x00000013a3b00000,0x00000013a3c00000)]
  0x000001b96b960800 JavaThread "Build operations Thread 4" [_thread_blocked, id=7520, stack(0x00000013a3c00000,0x00000013a3d00000)]
  0x000001b96b962000 JavaThread "pool-1-thread-1" [_thread_blocked, id=3200, stack(0x00000013a3d00000,0x00000013a3e00000)]
  0x000001b96b95e800 JavaThread "Cache worker for Build Output Cleanup Cache (E:\react-native\team-motivation-1\team-motivation-1\android\.gradle\buildOutputCleanup)" [_thread_blocked, id=5184, stack(0x00000013a3e00000,0x00000013a3f00000)]
  0x000001b96b965000 JavaThread "Memory manager" [_thread_blocked, id=10504, stack(0x00000013a4200000,0x00000013a4300000)]
  0x000001b96b966000 JavaThread "Cache worker for file content cache (C:\Users\affity\.gradle\caches\6.2\fileContent)" [_thread_blocked, id=9336, stack(0x00000013a1000000,0x00000013a1100000)]
  0x000001b96b967000 JavaThread "Cache worker for file content cache (E:\react-native\team-motivation-1\team-motivation-1\android\.gradle\6.2\fileContent)" [_thread_blocked, id=5964, stack(0x00000013a1100000,0x00000013a1200000)]
  0x000001b96b967800 JavaThread "Execution worker for ':'" [_thread_blocked, id=7632, stack(0x00000013a3f00000,0x00000013a4000000)]
  0x000001b96b968800 JavaThread "Execution worker for ':' Thread 2" [_thread_blocked, id=6556, stack(0x00000013a4300000,0x00000013a4400000)]
  0x000001b96b962800 JavaThread "Execution worker for ':' Thread 3" [_thread_blocked, id=12044, stack(0x00000013a4400000,0x00000013a4500000)]

Other Threads:
  0x000001b968e10000 VMThread "VM Thread" [stack: 0x00000013a1800000,0x00000013a1900000] [id=3560]
  0x000001b969916800 WatcherThread [stack: 0x00000013a2200000,0x00000013a2300000] [id=12184]
  0x000001b94f018000 GCTaskThread "GC Thread#0" [stack: 0x00000013a1300000,0x00000013a1400000] [id=9644]
  0x000001b96a23a800 GCTaskThread "GC Thread#1" [stack: 0x00000013a2400000,0x00000013a2500000] [id=11864]
=>0x000001b969ce7000 GCTaskThread "GC Thread#2" [stack: 0x00000013a2500000,0x00000013a2600000] [id=8220]
  0x000001b969ce8000 GCTaskThread "GC Thread#3" [stack: 0x00000013a2600000,0x00000013a2700000] [id=11380]
  0x000001b94f029000 ConcurrentGCThread "G1 Main Marker" [stack: 0x00000013a1400000,0x00000013a1500000] [id=9616]
  0x000001b94f02a800 ConcurrentGCThread "G1 Conc#0" [stack: 0x00000013a1500000,0x00000013a1600000] [id=5204]
  0x000001b968cac800 ConcurrentGCThread "G1 Refine#0" [stack: 0x00000013a1600000,0x00000013a1700000] [id=4908]
  0x000001b9699e2800 ConcurrentGCThread "G1 Refine#1" [stack: 0x00000013a2700000,0x00000013a2800000] [id=9948]
  0x000001b968cad800 ConcurrentGCThread "G1 Young RemSet Sampling" [stack: 0x00000013a1700000,0x00000013a1800000] [id=5136]

Threads with active compile tasks:

VM state:at safepoint (normal execution)

VM Mutex/Monitor currently owned by a thread:  ([mutex/lock_event])
[0x000001b94effaf70] Threads_lock - owner thread: 0x000001b968e10000
[0x000001b94effa700] Heap_lock - owner thread: 0x000001b96982e000

Heap address: 0x00000000e0000000, size: 512 MB, Compressed Oops mode: 32-bit
Narrow klass base: 0x0000000000000000, Narrow klass shift: 3
Compressed class space size: 260046848 Address: 0x0000000100000000

Heap:
 garbage-first heap   total 262144K, used 199680K [0x00000000e0000000, 0x0000000100000000)
  region size 1024K, 112 young (114688K), 15 survivors (15360K)
 Metaspace       used 79095K, capacity 82944K, committed 83280K, reserved 327680K
  class space    used 10208K, capacity 11371K, committed 11468K, reserved 253952K
Heap Regions: E=young(eden), S=young(survivor), O=old, HS=humongous(starts), HC=humongous(continues), CS=collection set, F=free, A=archive, TAMS=top-at-mark-start (previous, next)
|   0|0x00000000e0000000, 0x00000000e0100000, 0x00000000e0100000|100%| O|  |TAMS 0x00000000e0100000, 0x00000000e0000000| Untracked 
|   1|0x00000000e0100000, 0x00000000e0200000, 0x00000000e0200000|100%| O|  |TAMS 0x00000000e0200000, 0x00000000e0100000| Untracked 
|   2|0x00000000e0200000, 0x00000000e0300000, 0x00000000e0300000|100%| O|  |TAMS 0x00000000e0300000, 0x00000000e0200000| Untracked 
|   3|0x00000000e0300000, 0x00000000e0400000, 0x00000000e0400000|100%|HS|  |TAMS 0x00000000e0400000, 0x00000000e0300000| Complete 
|   4|0x00000000e0400000, 0x00000000e0500000, 0x00000000e0500000|100%|HC|  |TAMS 0x00000000e0500000, 0x00000000e0400000| Complete 
|   5|0x00000000e0500000, 0x00000000e0600000, 0x00000000e0600000|100%|HC|  |TAMS 0x00000000e0600000, 0x00000000e0500000| Complete 
|   6|0x00000000e0600000, 0x00000000e0700000, 0x00000000e0700000|100%| O|  |TAMS 0x00000000e0700000, 0x00000000e0600000| Untracked 
|   7|0x00000000e0700000, 0x00000000e0800000, 0x00000000e0800000|100%| O|  |TAMS 0x00000000e0800000, 0x00000000e0700000| Untracked 
|   8|0x00000000e0800000, 0x00000000e0900000, 0x00000000e0900000|100%| O|  |TAMS 0x00000000e0900000, 0x00000000e0800000| Untracked 
|   9|0x00000000e0900000, 0x00000000e0a00000, 0x00000000e0a00000|100%| O|  |TAMS 0x00000000e0a00000, 0x00000000e0900000| Untracked 
|  10|0x00000000e0a00000, 0x00000000e0b00000, 0x00000000e0b00000|100%| O|  |TAMS 0x00000000e0b00000, 0x00000000e0a00000| Untracked 
|  11|0x00000000e0b00000, 0x00000000e0c00000, 0x00000000e0c00000|100%| O|  |TAMS 0x00000000e0c00000, 0x00000000e0b00000| Untracked 
|  12|0x00000000e0c00000, 0x00000000e0d00000, 0x00000000e0d00000|100%| O|  |TAMS 0x00000000e0d00000, 0x00000000e0c00000| Untracked 
|  13|0x00000000e0d00000, 0x00000000e0e00000, 0x00000000e0e00000|100%|HS|  |TAMS 0x00000000e0e00000, 0x00000000e0d00000| Complete 
|  14|0x00000000e0e00000, 0x00000000e0f00000, 0x00000000e0f00000|100%|HC|  |TAMS 0x00000000e0f00000, 0x00000000e0e00000| Complete 
|  15|0x00000000e0f00000, 0x00000000e1000000, 0x00000000e1000000|100%| O|  |TAMS 0x00000000e1000000, 0x00000000e0f00000| Untracked 
|  16|0x00000000e1000000, 0x00000000e1100000, 0x00000000e1100000|100%| O|  |TAMS 0x00000000e1000000, 0x00000000e1000000| Untracked 
|  17|0x00000000e1100000, 0x00000000e1200000, 0x00000000e1200000|100%| O|  |TAMS 0x00000000e1200000, 0x00000000e1100000| Untracked 
|  18|0x00000000e1200000, 0x00000000e1300000, 0x00000000e1300000|100%| O|  |TAMS 0x00000000e1300000, 0x00000000e1200000| Untracked 
|  19|0x00000000e1300000, 0x00000000e1400000, 0x00000000e1400000|100%| O|  |TAMS 0x00000000e1400000, 0x00000000e1300000| Untracked 
|  20|0x00000000e1400000, 0x00000000e1500000, 0x00000000e1500000|100%| O|  |TAMS 0x00000000e1500000, 0x00000000e1400000| Untracked 
|  21|0x00000000e1500000, 0x00000000e1600000, 0x00000000e1600000|100%| O|  |TAMS 0x00000000e1600000, 0x00000000e1500000| Untracked 
|  22|0x00000000e1600000, 0x00000000e1700000, 0x00000000e1700000|100%| O|  |TAMS 0x00000000e1700000, 0x00000000e1600000| Untracked 
|  23|0x00000000e1700000, 0x00000000e1800000, 0x00000000e1800000|100%| O|  |TAMS 0x00000000e1800000, 0x00000000e1700000| Untracked 
|  24|0x00000000e1800000, 0x00000000e1900000, 0x00000000e1900000|100%| O|  |TAMS 0x00000000e1900000, 0x00000000e1800000| Untracked 
|  25|0x00000000e1900000, 0x00000000e1a00000, 0x00000000e1a00000|100%| O|  |TAMS 0x00000000e1a00000, 0x00000000e1900000| Untracked 
|  26|0x00000000e1a00000, 0x00000000e1b00000, 0x00000000e1b00000|100%| O|  |TAMS 0x00000000e1b00000, 0x00000000e1a00000| Untracked 
|  27|0x00000000e1b00000, 0x00000000e1c00000, 0x00000000e1c00000|100%| O|  |TAMS 0x00000000e1c00000, 0x00000000e1b00000| Untracked 
|  28|0x00000000e1c00000, 0x00000000e1d00000, 0x00000000e1d00000|100%| O|  |TAMS 0x00000000e1d00000, 0x00000000e1c00000| Untracked 
|  29|0x00000000e1d00000, 0x00000000e1e00000, 0x00000000e1e00000|100%| O|  |TAMS 0x00000000e1e00000, 0x00000000e1d00000| Untracked 
|  30|0x00000000e1e00000, 0x00000000e1f00000, 0x00000000e1f00000|100%| O|  |TAMS 0x00000000e1f00000, 0x00000000e1e00000| Untracked 
|  31|0x00000000e1f00000, 0x00000000e2000000, 0x00000000e2000000|100%| O|  |TAMS 0x00000000e2000000, 0x00000000e1f00000| Untracked 
|  32|0x00000000e2000000, 0x00000000e2100000, 0x00000000e2100000|100%| O|  |TAMS 0x00000000e2100000, 0x00000000e2000000| Untracked 
|  33|0x00000000e2100000, 0x00000000e2200000, 0x00000000e2200000|100%| O|  |TAMS 0x00000000e2200000, 0x00000000e2100000| Untracked 
|  34|0x00000000e2200000, 0x00000000e2300000, 0x00000000e2300000|100%| O|  |TAMS 0x00000000e2300000, 0x00000000e2200000| Untracked 
|  35|0x00000000e2300000, 0x00000000e2400000, 0x00000000e2400000|100%| O|  |TAMS 0x00000000e23f6600, 0x00000000e2300000| Untracked 
|  36|0x00000000e2400000, 0x00000000e2500000, 0x00000000e2500000|100%| O|  |TAMS 0x00000000e2400000, 0x00000000e2400000| Untracked 
|  37|0x00000000e2500000, 0x00000000e2600000, 0x00000000e2600000|100%| O|  |TAMS 0x00000000e2500000, 0x00000000e2500000| Untracked 
|  38|0x00000000e2600000, 0x00000000e2700000, 0x00000000e2700000|100%| O|  |TAMS 0x00000000e2600000, 0x00000000e2600000| Untracked 
|  39|0x00000000e2700000, 0x00000000e2800000, 0x00000000e2800000|100%| O|  |TAMS 0x00000000e2700000, 0x00000000e2700000| Untracked 
|  40|0x00000000e2800000, 0x00000000e2900000, 0x00000000e2900000|100%| O|  |TAMS 0x00000000e2800000, 0x00000000e2800000| Untracked 
|  41|0x00000000e2900000, 0x00000000e2a00000, 0x00000000e2a00000|100%| O|  |TAMS 0x00000000e2900000, 0x00000000e2900000| Untracked 
|  42|0x00000000e2a00000, 0x00000000e2b00000, 0x00000000e2b00000|100%| O|  |TAMS 0x00000000e2a00000, 0x00000000e2a00000| Untracked 
|  43|0x00000000e2b00000, 0x00000000e2c00000, 0x00000000e2c00000|100%| O|  |TAMS 0x00000000e2b00000, 0x00000000e2b00000| Untracked 
|  44|0x00000000e2c00000, 0x00000000e2d00000, 0x00000000e2d00000|100%| O|  |TAMS 0x00000000e2c00000, 0x00000000e2c00000| Untracked 
|  45|0x00000000e2d00000, 0x00000000e2e00000, 0x00000000e2e00000|100%|HS|  |TAMS 0x00000000e2d00000, 0x00000000e2d00000| Complete 
|  46|0x00000000e2e00000, 0x00000000e2f00000, 0x00000000e2f00000|100%|HC|  |TAMS 0x00000000e2e00000, 0x00000000e2e00000| Complete 
|  47|0x00000000e2f00000, 0x00000000e3000000, 0x00000000e3000000|100%|HC|  |TAMS 0x00000000e2f00000, 0x00000000e2f00000| Complete 
|  48|0x00000000e3000000, 0x00000000e3100000, 0x00000000e3100000|100%| O|  |TAMS 0x00000000e3000000, 0x00000000e3000000| Untracked 
|  49|0x00000000e3100000, 0x00000000e3200000, 0x00000000e3200000|100%| O|  |TAMS 0x00000000e3100000, 0x00000000e3100000| Untracked 
|  50|0x00000000e3200000, 0x00000000e3300000, 0x00000000e3300000|100%| O|  |TAMS 0x00000000e3200000, 0x00000000e3200000| Untracked 
|  51|0x00000000e3300000, 0x00000000e3400000, 0x00000000e3400000|100%| O|  |TAMS 0x00000000e3300000, 0x00000000e3300000| Untracked 
|  52|0x00000000e3400000, 0x00000000e3500000, 0x00000000e3500000|100%| O|  |TAMS 0x00000000e3400000, 0x00000000e3400000| Untracked 
|  53|0x00000000e3500000, 0x00000000e3600000, 0x00000000e3600000|100%| O|  |TAMS 0x00000000e3500000, 0x00000000e3500000| Untracked 
|  54|0x00000000e3600000, 0x00000000e3700000, 0x00000000e3700000|100%| O|  |TAMS 0x00000000e3600000, 0x00000000e3600000| Untracked 
|  55|0x00000000e3700000, 0x00000000e3800000, 0x00000000e3800000|100%| O|  |TAMS 0x00000000e3700000, 0x00000000e3700000| Untracked 
|  56|0x00000000e3800000, 0x00000000e3900000, 0x00000000e3900000|100%| O|  |TAMS 0x00000000e3800000, 0x00000000e3800000| Untracked 
|  57|0x00000000e3900000, 0x00000000e3a00000, 0x00000000e3a00000|100%| O|  |TAMS 0x00000000e3900000, 0x00000000e3900000| Untracked 
|  58|0x00000000e3a00000, 0x00000000e3b00000, 0x00000000e3b00000|100%| O|  |TAMS 0x00000000e3a00000, 0x00000000e3a00000| Untracked 
|  59|0x00000000e3b00000, 0x00000000e3c00000, 0x00000000e3c00000|100%| O|  |TAMS 0x00000000e3b00000, 0x00000000e3b00000| Untracked 
|  60|0x00000000e3c00000, 0x00000000e3d00000, 0x00000000e3d00000|100%| O|  |TAMS 0x00000000e3c00000, 0x00000000e3c00000| Untracked 
|  61|0x00000000e3d00000, 0x00000000e3e00000, 0x00000000e3e00000|100%| O|  |TAMS 0x00000000e3d00000, 0x00000000e3d00000| Untracked 
|  62|0x00000000e3e00000, 0x00000000e3f00000, 0x00000000e3f00000|100%| O|  |TAMS 0x00000000e3e00000, 0x00000000e3e00000| Untracked 
|  63|0x00000000e3f00000, 0x00000000e4000000, 0x00000000e4000000|100%| O|  |TAMS 0x00000000e3f00000, 0x00000000e3f00000| Untracked 
|  64|0x00000000e4000000, 0x00000000e4100000, 0x00000000e4100000|100%| O|  |TAMS 0x00000000e4000000, 0x00000000e4000000| Untracked 
|  65|0x00000000e4100000, 0x00000000e4200000, 0x00000000e4200000|100%| O|  |TAMS 0x00000000e4100000, 0x00000000e4100000| Untracked 
|  66|0x00000000e4200000, 0x00000000e4300000, 0x00000000e4300000|100%| O|  |TAMS 0x00000000e4200000, 0x00000000e4200000| Untracked 
|  67|0x00000000e4300000, 0x00000000e4400000, 0x00000000e4400000|100%| O|  |TAMS 0x00000000e4300000, 0x00000000e4300000| Untracked 
|  68|0x00000000e4400000, 0x00000000e4500000, 0x00000000e4500000|100%| O|  |TAMS 0x00000000e4400000, 0x00000000e4400000| Untracked 
|  69|0x00000000e4500000, 0x00000000e4600000, 0x00000000e4600000|100%| O|  |TAMS 0x00000000e4500000, 0x00000000e4500000| Untracked 
|  70|0x00000000e4600000, 0x00000000e4700000, 0x00000000e4700000|100%| O|  |TAMS 0x00000000e4600000, 0x00000000e4600000| Untracked 
|  71|0x00000000e4700000, 0x00000000e4800000, 0x00000000e4800000|100%| O|  |TAMS 0x00000000e4700000, 0x00000000e4700000| Untracked 
|  72|0x00000000e4800000, 0x00000000e4900000, 0x00000000e4900000|100%| O|  |TAMS 0x00000000e4800000, 0x00000000e4800000| Untracked 
|  73|0x00000000e4900000, 0x00000000e4a00000, 0x00000000e4a00000|100%| O|  |TAMS 0x00000000e4900000, 0x00000000e4900000| Untracked 
|  74|0x00000000e4a00000, 0x00000000e4b00000, 0x00000000e4b00000|100%| O|  |TAMS 0x00000000e4a00000, 0x00000000e4a00000| Untracked 
|  75|0x00000000e4b00000, 0x00000000e4c00000, 0x00000000e4c00000|100%| O|  |TAMS 0x00000000e4b00000, 0x00000000e4b00000| Untracked 
|  76|0x00000000e4c00000, 0x00000000e4d00000, 0x00000000e4d00000|100%| O|  |TAMS 0x00000000e4c00000, 0x00000000e4c00000| Untracked 
|  77|0x00000000e4d00000, 0x00000000e4e00000, 0x00000000e4e00000|100%| O|  |TAMS 0x00000000e4d00000, 0x00000000e4d00000| Untracked 
|  78|0x00000000e4e00000, 0x00000000e4f00000, 0x00000000e4f00000|100%| O|  |TAMS 0x00000000e4e00000, 0x00000000e4e00000| Untracked 
|  79|0x00000000e4f00000, 0x00000000e5000000, 0x00000000e5000000|100%| O|  |TAMS 0x00000000e4f00000, 0x00000000e4f00000| Untracked 
|  80|0x00000000e5000000, 0x00000000e5100000, 0x00000000e5100000|100%| O|  |TAMS 0x00000000e5000000, 0x00000000e5000000| Untracked 
|  81|0x00000000e5100000, 0x00000000e5200000, 0x00000000e5200000|100%| O|  |TAMS 0x00000000e5100000, 0x00000000e5100000| Untracked 
|  82|0x00000000e5200000, 0x00000000e5300000, 0x00000000e5300000|100%| O|  |TAMS 0x00000000e5200000, 0x00000000e5200000| Untracked 
|  83|0x00000000e5300000, 0x00000000e5400000, 0x00000000e5400000|100%| O|  |TAMS 0x00000000e5300000, 0x00000000e5300000| Untracked 
|  84|0x00000000e5400000, 0x00000000e5500000, 0x00000000e5500000|100%| O|  |TAMS 0x00000000e5400000, 0x00000000e5400000| Untracked 
|  85|0x00000000e5500000, 0x00000000e5600000, 0x00000000e5600000|100%| O|  |TAMS 0x00000000e5500000, 0x00000000e5500000| Untracked 
|  86|0x00000000e5600000, 0x00000000e5700000, 0x00000000e5700000|100%| O|  |TAMS 0x00000000e5600000, 0x00000000e5600000| Untracked 
|  87|0x00000000e5700000, 0x00000000e5800000, 0x00000000e5800000|100%| O|  |TAMS 0x00000000e5700000, 0x00000000e5700000| Untracked 
|  88|0x00000000e5800000, 0x00000000e5900000, 0x00000000e5900000|100%| O|  |TAMS 0x00000000e5800000, 0x00000000e5800000| Untracked 
|  89|0x00000000e5900000, 0x00000000e5a00000, 0x00000000e5a00000|100%| O|  |TAMS 0x00000000e5900000, 0x00000000e5900000| Untracked 
|  90|0x00000000e5a00000, 0x00000000e5b00000, 0x00000000e5b00000|100%| O|  |TAMS 0x00000000e5a00000, 0x00000000e5a00000| Untracked 
|  91|0x00000000e5b00000, 0x00000000e5c00000, 0x00000000e5c00000|100%| O|  |TAMS 0x00000000e5b00000, 0x00000000e5b00000| Untracked 
|  92|0x00000000e5c00000, 0x00000000e5d00000, 0x00000000e5d00000|100%| O|  |TAMS 0x00000000e5c00000, 0x00000000e5c00000| Untracked 
|  93|0x00000000e5d00000, 0x00000000e5e00000, 0x00000000e5e00000|100%| O|  |TAMS 0x00000000e5d00000, 0x00000000e5d00000| Untracked 
|  94|0x00000000e5e00000, 0x00000000e5f00000, 0x00000000e5f00000|100%| O|  |TAMS 0x00000000e5e00000, 0x00000000e5e00000| Untracked 
|  95|0x00000000e5f00000, 0x00000000e6000000, 0x00000000e6000000|100%| O|  |TAMS 0x00000000e5f00000, 0x00000000e5f00000| Untracked 
|  96|0x00000000e6000000, 0x00000000e6100000, 0x00000000e6100000|100%| O|  |TAMS 0x00000000e6000000, 0x00000000e6000000| Untracked 
|  97|0x00000000e6100000, 0x00000000e6200000, 0x00000000e6200000|100%| O|  |TAMS 0x00000000e6100000, 0x00000000e6100000| Untracked 
|  98|0x00000000e6200000, 0x00000000e6300000, 0x00000000e6300000|100%| O|  |TAMS 0x00000000e6200000, 0x00000000e6200000| Untracked 
|  99|0x00000000e6300000, 0x00000000e6400000, 0x00000000e6400000|100%| O|  |TAMS 0x00000000e6300000, 0x00000000e6300000| Untracked 
| 100|0x00000000e6400000, 0x00000000e6500000, 0x00000000e6500000|100%| O|  |TAMS 0x00000000e6400000, 0x00000000e6400000| Untracked 
| 101|0x00000000e6500000, 0x00000000e6600000, 0x00000000e6600000|100%| O|  |TAMS 0x00000000e6500000, 0x00000000e6500000| Untracked 
| 102|0x00000000e6600000, 0x00000000e6700000, 0x00000000e6700000|100%| O|  |TAMS 0x00000000e6600000, 0x00000000e6600000| Untracked 
| 103|0x00000000e6700000, 0x00000000e6700000, 0x00000000e6800000|  0%| F|  |TAMS 0x00000000e6700000, 0x00000000e6700000| Untracked 
| 104|0x00000000e6800000, 0x00000000e6800000, 0x00000000e6900000|  0%| F|  |TAMS 0x00000000e6800000, 0x00000000e6800000| Untracked 
| 105|0x00000000e6900000, 0x00000000e6900000, 0x00000000e6a00000|  0%| F|  |TAMS 0x00000000e6900000, 0x00000000e6900000| Untracked 
| 106|0x00000000e6a00000, 0x00000000e6a00000, 0x00000000e6b00000|  0%| F|  |TAMS 0x00000000e6a00000, 0x00000000e6a00000| Untracked 
| 107|0x00000000e6b00000, 0x00000000e6b00000, 0x00000000e6c00000|  0%| F|  |TAMS 0x00000000e6b00000, 0x00000000e6b00000| Untracked 
| 108|0x00000000e6c00000, 0x00000000e6c00000, 0x00000000e6d00000|  0%| F|  |TAMS 0x00000000e6c00000, 0x00000000e6c00000| Untracked 
| 109|0x00000000e6d00000, 0x00000000e6d00000, 0x00000000e6e00000|  0%| F|  |TAMS 0x00000000e6d00000, 0x00000000e6d00000| Untracked 
| 110|0x00000000e6e00000, 0x00000000e6e00000, 0x00000000e6f00000|  0%| F|  |TAMS 0x00000000e6e00000, 0x00000000e6e00000| Untracked 
| 111|0x00000000e6f00000, 0x00000000e6f00000, 0x00000000e7000000|  0%| F|  |TAMS 0x00000000e6f00000, 0x00000000e6f00000| Untracked 
| 112|0x00000000e7000000, 0x00000000e7000000, 0x00000000e7100000|  0%| F|  |TAMS 0x00000000e7000000, 0x00000000e7000000| Untracked 
| 113|0x00000000e7100000, 0x00000000e7100000, 0x00000000e7200000|  0%| F|  |TAMS 0x00000000e7100000, 0x00000000e7100000| Untracked 
| 114|0x00000000e7200000, 0x00000000e7200000, 0x00000000e7300000|  0%| F|  |TAMS 0x00000000e7200000, 0x00000000e7200000| Untracked 
| 115|0x00000000e7300000, 0x00000000e7400000, 0x00000000e7400000|100%| E|CS|TAMS 0x00000000e7300000, 0x00000000e7300000| Complete 
| 116|0x00000000e7400000, 0x00000000e7500000, 0x00000000e7500000|100%| E|CS|TAMS 0x00000000e7400000, 0x00000000e7400000| Complete 
| 117|0x00000000e7500000, 0x00000000e7600000, 0x00000000e7600000|100%| E|CS|TAMS 0x00000000e7500000, 0x00000000e7500000| Complete 
| 118|0x00000000e7600000, 0x00000000e7700000, 0x00000000e7700000|100%| E|CS|TAMS 0x00000000e7600000, 0x00000000e7600000| Complete 
| 119|0x00000000e7700000, 0x00000000e7800000, 0x00000000e7800000|100%| E|CS|TAMS 0x00000000e7700000, 0x00000000e7700000| Complete 
| 120|0x00000000e7800000, 0x00000000e7800000, 0x00000000e7900000|  0%| F|  |TAMS 0x00000000e7800000, 0x00000000e7800000| Untracked 
| 121|0x00000000e7900000, 0x00000000e7900000, 0x00000000e7a00000|  0%| F|  |TAMS 0x00000000e7900000, 0x00000000e7900000| Untracked 
| 122|0x00000000e7a00000, 0x00000000e7a00000, 0x00000000e7b00000|  0%| F|  |TAMS 0x00000000e7a00000, 0x00000000e7a00000| Untracked 
| 123|0x00000000e7b00000, 0x00000000e7b00000, 0x00000000e7c00000|  0%| F|  |TAMS 0x00000000e7b00000, 0x00000000e7b00000| Untracked 
| 124|0x00000000e7c00000, 0x00000000e7c00000, 0x00000000e7d00000|  0%| F|  |TAMS 0x00000000e7c00000, 0x00000000e7c00000| Untracked 
| 125|0x00000000e7d00000, 0x00000000e7d00000, 0x00000000e7e00000|  0%| F|  |TAMS 0x00000000e7d00000, 0x00000000e7d00000| Untracked 
| 126|0x00000000e7e00000, 0x00000000e7e00000, 0x00000000e7f00000|  0%| F|  |TAMS 0x00000000e7e00000, 0x00000000e7e00000| Untracked 
| 127|0x00000000e7f00000, 0x00000000e7f00000, 0x00000000e8000000|  0%| F|  |TAMS 0x00000000e7f00000, 0x00000000e7f00000| Untracked 
| 128|0x00000000e8000000, 0x00000000e8000000, 0x00000000e8100000|  0%| F|  |TAMS 0x00000000e8000000, 0x00000000e8000000| Untracked 
| 129|0x00000000e8100000, 0x00000000e8100000, 0x00000000e8200000|  0%| F|  |TAMS 0x00000000e8100000, 0x00000000e8100000| Untracked 
| 130|0x00000000e8200000, 0x00000000e8200000, 0x00000000e8300000|  0%| F|  |TAMS 0x00000000e8200000, 0x00000000e8200000| Untracked 
| 131|0x00000000e8300000, 0x00000000e8300000, 0x00000000e8400000|  0%| F|  |TAMS 0x00000000e8300000, 0x00000000e8300000| Untracked 
| 132|0x00000000e8400000, 0x00000000e8400000, 0x00000000e8500000|  0%| F|  |TAMS 0x00000000e8400000, 0x00000000e8400000| Untracked 
| 133|0x00000000e8500000, 0x00000000e8600000, 0x00000000e8600000|100%| S|  |TAMS 0x00000000e8500000, 0x00000000e8500000| Complete 
| 134|0x00000000e8600000, 0x00000000e8700000, 0x00000000e8700000|100%| S|  |TAMS 0x00000000e8600000, 0x00000000e8600000| Complete 
| 135|0x00000000e8700000, 0x00000000e8800000, 0x00000000e8800000|100%| S|  |TAMS 0x00000000e8700000, 0x00000000e8700000| Complete 
| 136|0x00000000e8800000, 0x00000000e8900000, 0x00000000e8900000|100%| E|CS|TAMS 0x00000000e8800000, 0x00000000e8800000| Complete 
| 137|0x00000000e8900000, 0x00000000e8a00000, 0x00000000e8a00000|100%| E|CS|TAMS 0x00000000e8900000, 0x00000000e8900000| Complete 
| 138|0x00000000e8a00000, 0x00000000e8b00000, 0x00000000e8b00000|100%| E|CS|TAMS 0x00000000e8a00000, 0x00000000e8a00000| Complete 
| 139|0x00000000e8b00000, 0x00000000e8c00000, 0x00000000e8c00000|100%| E|CS|TAMS 0x00000000e8b00000, 0x00000000e8b00000| Complete 
| 140|0x00000000e8c00000, 0x00000000e8d00000, 0x00000000e8d00000|100%| E|CS|TAMS 0x00000000e8c00000, 0x00000000e8c00000| Complete 
| 141|0x00000000e8d00000, 0x00000000e8e00000, 0x00000000e8e00000|100%| E|CS|TAMS 0x00000000e8d00000, 0x00000000e8d00000| Complete 
| 142|0x00000000e8e00000, 0x00000000e8f00000, 0x00000000e8f00000|100%| E|CS|TAMS 0x00000000e8e00000, 0x00000000e8e00000| Complete 
| 143|0x00000000e8f00000, 0x00000000e9000000, 0x00000000e9000000|100%| E|CS|TAMS 0x00000000e8f00000, 0x00000000e8f00000| Complete 
| 144|0x00000000e9000000, 0x00000000e9100000, 0x00000000e9100000|100%| E|CS|TAMS 0x00000000e9000000, 0x00000000e9000000| Complete 
| 145|0x00000000e9100000, 0x00000000e9200000, 0x00000000e9200000|100%| E|CS|TAMS 0x00000000e9100000, 0x00000000e9100000| Complete 
| 146|0x00000000e9200000, 0x00000000e9300000, 0x00000000e9300000|100%| E|CS|TAMS 0x00000000e9200000, 0x00000000e9200000| Complete 
| 147|0x00000000e9300000, 0x00000000e9400000, 0x00000000e9400000|100%| S|  |TAMS 0x00000000e9300000, 0x00000000e9300000| Complete 
| 148|0x00000000e9400000, 0x00000000e9500000, 0x00000000e9500000|100%| S|  |TAMS 0x00000000e9400000, 0x00000000e9400000| Complete 
| 149|0x00000000e9500000, 0x00000000e9600000, 0x00000000e9600000|100%| S|  |TAMS 0x00000000e9500000, 0x00000000e9500000| Complete 
| 150|0x00000000e9600000, 0x00000000e9700000, 0x00000000e9700000|100%| S|  |TAMS 0x00000000e9600000, 0x00000000e9600000| Complete 
| 151|0x00000000e9700000, 0x00000000e9800000, 0x00000000e9800000|100%| S|  |TAMS 0x00000000e9700000, 0x00000000e9700000| Complete 
| 152|0x00000000e9800000, 0x00000000e9900000, 0x00000000e9900000|100%| S|  |TAMS 0x00000000e9800000, 0x00000000e9800000| Complete 
| 153|0x00000000e9900000, 0x00000000e9a00000, 0x00000000e9a00000|100%| S|  |TAMS 0x00000000e9900000, 0x00000000e9900000| Complete 
| 154|0x00000000e9a00000, 0x00000000e9b00000, 0x00000000e9b00000|100%| S|  |TAMS 0x00000000e9a00000, 0x00000000e9a00000| Complete 
| 155|0x00000000e9b00000, 0x00000000e9c00000, 0x00000000e9c00000|100%| S|  |TAMS 0x00000000e9b00000, 0x00000000e9b00000| Complete 
| 156|0x00000000e9c00000, 0x00000000e9d00000, 0x00000000e9d00000|100%| S|  |TAMS 0x00000000e9c00000, 0x00000000e9c00000| Complete 
| 157|0x00000000e9d00000, 0x00000000e9e00000, 0x00000000e9e00000|100%| S|  |TAMS 0x00000000e9d00000, 0x00000000e9d00000| Complete 
| 158|0x00000000e9e00000, 0x00000000e9f00000, 0x00000000e9f00000|100%| S|  |TAMS 0x00000000e9e00000, 0x00000000e9e00000| Complete 
| 159|0x00000000e9f00000, 0x00000000ea000000, 0x00000000ea000000|100%| E|CS|TAMS 0x00000000e9f00000, 0x00000000e9f00000| Complete 
| 160|0x00000000ea000000, 0x00000000ea100000, 0x00000000ea100000|100%| E|CS|TAMS 0x00000000ea000000, 0x00000000ea000000| Complete 
| 161|0x00000000ea100000, 0x00000000ea200000, 0x00000000ea200000|100%| E|CS|TAMS 0x00000000ea100000, 0x00000000ea100000| Complete 
| 162|0x00000000ea200000, 0x00000000ea300000, 0x00000000ea300000|100%| E|CS|TAMS 0x00000000ea200000, 0x00000000ea200000| Complete 
| 163|0x00000000ea300000, 0x00000000ea400000, 0x00000000ea400000|100%| E|CS|TAMS 0x00000000ea300000, 0x00000000ea300000| Complete 
| 164|0x00000000ea400000, 0x00000000ea500000, 0x00000000ea500000|100%| E|CS|TAMS 0x00000000ea400000, 0x00000000ea400000| Complete 
| 165|0x00000000ea500000, 0x00000000ea600000, 0x00000000ea600000|100%| E|CS|TAMS 0x00000000ea500000, 0x00000000ea500000| Complete 
| 166|0x00000000ea600000, 0x00000000ea700000, 0x00000000ea700000|100%| E|CS|TAMS 0x00000000ea600000, 0x00000000ea600000| Complete 
| 167|0x00000000ea700000, 0x00000000ea800000, 0x00000000ea800000|100%| E|CS|TAMS 0x00000000ea700000, 0x00000000ea700000| Complete 
| 168|0x00000000ea800000, 0x00000000ea900000, 0x00000000ea900000|100%| E|CS|TAMS 0x00000000ea800000, 0x00000000ea800000| Complete 
| 169|0x00000000ea900000, 0x00000000eaa00000, 0x00000000eaa00000|100%| E|CS|TAMS 0x00000000ea900000, 0x00000000ea900000| Complete 
| 170|0x00000000eaa00000, 0x00000000eab00000, 0x00000000eab00000|100%| E|CS|TAMS 0x00000000eaa00000, 0x00000000eaa00000| Complete 
| 171|0x00000000eab00000, 0x00000000eac00000, 0x00000000eac00000|100%| E|CS|TAMS 0x00000000eab00000, 0x00000000eab00000| Complete 
| 172|0x00000000eac00000, 0x00000000ead00000, 0x00000000ead00000|100%| E|CS|TAMS 0x00000000eac00000, 0x00000000eac00000| Complete 
| 173|0x00000000ead00000, 0x00000000eae00000, 0x00000000eae00000|100%| E|CS|TAMS 0x00000000ead00000, 0x00000000ead00000| Complete 
| 174|0x00000000eae00000, 0x00000000eaf00000, 0x00000000eaf00000|100%| E|CS|TAMS 0x00000000eae00000, 0x00000000eae00000| Complete 
| 175|0x00000000eaf00000, 0x00000000eb000000, 0x00000000eb000000|100%| E|CS|TAMS 0x00000000eaf00000, 0x00000000eaf00000| Complete 
| 176|0x00000000eb000000, 0x00000000eb100000, 0x00000000eb100000|100%| E|CS|TAMS 0x00000000eb000000, 0x00000000eb000000| Complete 
| 177|0x00000000eb100000, 0x00000000eb200000, 0x00000000eb200000|100%| E|CS|TAMS 0x00000000eb100000, 0x00000000eb100000| Complete 
| 178|0x00000000eb200000, 0x00000000eb300000, 0x00000000eb300000|100%| E|CS|TAMS 0x00000000eb200000, 0x00000000eb200000| Complete 
| 179|0x00000000eb300000, 0x00000000eb400000, 0x00000000eb400000|100%| E|CS|TAMS 0x00000000eb300000, 0x00000000eb300000| Complete 
| 180|0x00000000eb400000, 0x00000000eb500000, 0x00000000eb500000|100%| E|CS|TAMS 0x00000000eb400000, 0x00000000eb400000| Complete 
| 181|0x00000000eb500000, 0x00000000eb600000, 0x00000000eb600000|100%| E|CS|TAMS 0x00000000eb500000, 0x00000000eb500000| Complete 
| 182|0x00000000eb600000, 0x00000000eb700000, 0x00000000eb700000|100%| E|CS|TAMS 0x00000000eb600000, 0x00000000eb600000| Complete 
| 183|0x00000000eb700000, 0x00000000eb800000, 0x00000000eb800000|100%| E|CS|TAMS 0x00000000eb700000, 0x00000000eb700000| Complete 
| 184|0x00000000eb800000, 0x00000000eb900000, 0x00000000eb900000|100%| E|CS|TAMS 0x00000000eb800000, 0x00000000eb800000| Complete 
| 185|0x00000000eb900000, 0x00000000eba00000, 0x00000000eba00000|100%| E|CS|TAMS 0x00000000eb900000, 0x00000000eb900000| Complete 
| 186|0x00000000eba00000, 0x00000000ebb00000, 0x00000000ebb00000|100%| E|CS|TAMS 0x00000000eba00000, 0x00000000eba00000| Complete 
| 187|0x00000000ebb00000, 0x00000000ebc00000, 0x00000000ebc00000|100%| E|CS|TAMS 0x00000000ebb00000, 0x00000000ebb00000| Complete 
| 188|0x00000000ebc00000, 0x00000000ebd00000, 0x00000000ebd00000|100%| E|CS|TAMS 0x00000000ebc00000, 0x00000000ebc00000| Complete 
| 189|0x00000000ebd00000, 0x00000000ebe00000, 0x00000000ebe00000|100%| E|CS|TAMS 0x00000000ebd00000, 0x00000000ebd00000| Complete 
| 190|0x00000000ebe00000, 0x00000000ebf00000, 0x00000000ebf00000|100%| E|CS|TAMS 0x00000000ebe00000, 0x00000000ebe00000| Complete 
| 191|0x00000000ebf00000, 0x00000000ec000000, 0x00000000ec000000|100%| E|CS|TAMS 0x00000000ebf00000, 0x00000000ebf00000| Complete 
| 192|0x00000000ec000000, 0x00000000ec100000, 0x00000000ec100000|100%| E|CS|TAMS 0x00000000ec000000, 0x00000000ec000000| Complete 
| 193|0x00000000ec100000, 0x00000000ec200000, 0x00000000ec200000|100%| E|CS|TAMS 0x00000000ec100000, 0x00000000ec100000| Complete 
| 194|0x00000000ec200000, 0x00000000ec300000, 0x00000000ec300000|100%| E|CS|TAMS 0x00000000ec200000, 0x00000000ec200000| Complete 
| 195|0x00000000ec300000, 0x00000000ec400000, 0x00000000ec400000|100%| E|CS|TAMS 0x00000000ec300000, 0x00000000ec300000| Complete 
| 196|0x00000000ec400000, 0x00000000ec500000, 0x00000000ec500000|100%| E|CS|TAMS 0x00000000ec400000, 0x00000000ec400000| Complete 
| 197|0x00000000ec500000, 0x00000000ec600000, 0x00000000ec600000|100%| E|CS|TAMS 0x00000000ec500000, 0x00000000ec500000| Complete 
| 198|0x00000000ec600000, 0x00000000ec700000, 0x00000000ec700000|100%| E|CS|TAMS 0x00000000ec600000, 0x00000000ec600000| Complete 
| 199|0x00000000ec700000, 0x00000000ec800000, 0x00000000ec800000|100%| E|CS|TAMS 0x00000000ec700000, 0x00000000ec700000| Complete 
| 200|0x00000000ec800000, 0x00000000ec900000, 0x00000000ec900000|100%| E|CS|TAMS 0x00000000ec800000, 0x00000000ec800000| Complete 
| 201|0x00000000ec900000, 0x00000000eca00000, 0x00000000eca00000|100%| E|CS|TAMS 0x00000000ec900000, 0x00000000ec900000| Complete 
| 202|0x00000000eca00000, 0x00000000ecb00000, 0x00000000ecb00000|100%| E|CS|TAMS 0x00000000eca00000, 0x00000000eca00000| Complete 
| 203|0x00000000ecb00000, 0x00000000ecc00000, 0x00000000ecc00000|100%| E|CS|TAMS 0x00000000ecb00000, 0x00000000ecb00000| Complete 
| 204|0x00000000ecc00000, 0x00000000ecd00000, 0x00000000ecd00000|100%| E|CS|TAMS 0x00000000ecc00000, 0x00000000ecc00000| Complete 
| 205|0x00000000ecd00000, 0x00000000ece00000, 0x00000000ece00000|100%| E|CS|TAMS 0x00000000ecd00000, 0x00000000ecd00000| Complete 
| 206|0x00000000ece00000, 0x00000000ecf00000, 0x00000000ecf00000|100%| E|CS|TAMS 0x00000000ece00000, 0x00000000ece00000| Complete 
| 207|0x00000000ecf00000, 0x00000000ed000000, 0x00000000ed000000|100%| E|CS|TAMS 0x00000000ecf00000, 0x00000000ecf00000| Complete 
| 208|0x00000000ed000000, 0x00000000ed100000, 0x00000000ed100000|100%| E|CS|TAMS 0x00000000ed000000, 0x00000000ed000000| Complete 
| 209|0x00000000ed100000, 0x00000000ed200000, 0x00000000ed200000|100%| E|CS|TAMS 0x00000000ed100000, 0x00000000ed100000| Complete 
| 210|0x00000000ed200000, 0x00000000ed300000, 0x00000000ed300000|100%| E|CS|TAMS 0x00000000ed200000, 0x00000000ed200000| Complete 
| 211|0x00000000ed300000, 0x00000000ed400000, 0x00000000ed400000|100%| E|CS|TAMS 0x00000000ed300000, 0x00000000ed300000| Complete 
| 212|0x00000000ed400000, 0x00000000ed500000, 0x00000000ed500000|100%| E|CS|TAMS 0x00000000ed400000, 0x00000000ed400000| Complete 
| 213|0x00000000ed500000, 0x00000000ed600000, 0x00000000ed600000|100%| E|CS|TAMS 0x00000000ed500000, 0x00000000ed500000| Complete 
| 214|0x00000000ed600000, 0x00000000ed700000, 0x00000000ed700000|100%| E|CS|TAMS 0x00000000ed600000, 0x00000000ed600000| Complete 
| 215|0x00000000ed700000, 0x00000000ed800000, 0x00000000ed800000|100%| E|CS|TAMS 0x00000000ed700000, 0x00000000ed700000| Complete 
| 216|0x00000000ed800000, 0x00000000ed900000, 0x00000000ed900000|100%| E|CS|TAMS 0x00000000ed800000, 0x00000000ed800000| Complete 
| 217|0x00000000ed900000, 0x00000000eda00000, 0x00000000eda00000|100%| E|CS|TAMS 0x00000000ed900000, 0x00000000ed900000| Complete 
| 218|0x00000000eda00000, 0x00000000edb00000, 0x00000000edb00000|100%| E|CS|TAMS 0x00000000eda00000, 0x00000000eda00000| Complete 
| 219|0x00000000edb00000, 0x00000000edc00000, 0x00000000edc00000|100%| E|CS|TAMS 0x00000000edb00000, 0x00000000edb00000| Complete 
| 220|0x00000000edc00000, 0x00000000edd00000, 0x00000000edd00000|100%| E|CS|TAMS 0x00000000edc00000, 0x00000000edc00000| Complete 
| 221|0x00000000edd00000, 0x00000000ede00000, 0x00000000ede00000|100%| E|CS|TAMS 0x00000000edd00000, 0x00000000edd00000| Complete 
| 222|0x00000000ede00000, 0x00000000edf00000, 0x00000000edf00000|100%| E|CS|TAMS 0x00000000ede00000, 0x00000000ede00000| Complete 
| 223|0x00000000edf00000, 0x00000000ee000000, 0x00000000ee000000|100%| E|CS|TAMS 0x00000000edf00000, 0x00000000edf00000| Complete 
| 224|0x00000000ee000000, 0x00000000ee100000, 0x00000000ee100000|100%| E|CS|TAMS 0x00000000ee000000, 0x00000000ee000000| Complete 
| 225|0x00000000ee100000, 0x00000000ee200000, 0x00000000ee200000|100%| E|CS|TAMS 0x00000000ee100000, 0x00000000ee100000| Complete 
| 226|0x00000000ee200000, 0x00000000ee300000, 0x00000000ee300000|100%| E|CS|TAMS 0x00000000ee200000, 0x00000000ee200000| Complete 
| 227|0x00000000ee300000, 0x00000000ee400000, 0x00000000ee400000|100%| E|CS|TAMS 0x00000000ee300000, 0x00000000ee300000| Complete 
| 228|0x00000000ee400000, 0x00000000ee500000, 0x00000000ee500000|100%| E|CS|TAMS 0x00000000ee400000, 0x00000000ee400000| Complete 
| 229|0x00000000ee500000, 0x00000000ee600000, 0x00000000ee600000|100%| E|CS|TAMS 0x00000000ee500000, 0x00000000ee500000| Complete 
| 230|0x00000000ee600000, 0x00000000ee700000, 0x00000000ee700000|100%| E|CS|TAMS 0x00000000ee600000, 0x00000000ee600000| Complete 
| 231|0x00000000ee700000, 0x00000000ee800000, 0x00000000ee800000|100%| E|CS|TAMS 0x00000000ee700000, 0x00000000ee700000| Complete 
| 232|0x00000000ee800000, 0x00000000ee900000, 0x00000000ee900000|100%| E|CS|TAMS 0x00000000ee800000, 0x00000000ee800000| Complete 
| 233|0x00000000ee900000, 0x00000000eea00000, 0x00000000eea00000|100%| E|CS|TAMS 0x00000000ee900000, 0x00000000ee900000| Complete 
| 234|0x00000000eea00000, 0x00000000eeb00000, 0x00000000eeb00000|100%| E|CS|TAMS 0x00000000eea00000, 0x00000000eea00000| Complete 
| 235|0x00000000eeb00000, 0x00000000eec00000, 0x00000000eec00000|100%| E|CS|TAMS 0x00000000eeb00000, 0x00000000eeb00000| Complete 
| 236|0x00000000eec00000, 0x00000000eed00000, 0x00000000eed00000|100%| E|CS|TAMS 0x00000000eec00000, 0x00000000eec00000| Complete 
| 237|0x00000000eed00000, 0x00000000eee00000, 0x00000000eee00000|100%| E|CS|TAMS 0x00000000eed00000, 0x00000000eed00000| Complete 
| 238|0x00000000eee00000, 0x00000000eef00000, 0x00000000eef00000|100%| E|CS|TAMS 0x00000000eee00000, 0x00000000eee00000| Complete 
| 239|0x00000000eef00000, 0x00000000ef000000, 0x00000000ef000000|100%| E|CS|TAMS 0x00000000eef00000, 0x00000000eef00000| Complete 
| 240|0x00000000ef000000, 0x00000000ef100000, 0x00000000ef100000|100%| E|CS|TAMS 0x00000000ef000000, 0x00000000ef000000| Complete 
| 241|0x00000000ef100000, 0x00000000ef200000, 0x00000000ef200000|100%| E|CS|TAMS 0x00000000ef100000, 0x00000000ef100000| Complete 
| 242|0x00000000ef200000, 0x00000000ef300000, 0x00000000ef300000|100%| E|CS|TAMS 0x00000000ef200000, 0x00000000ef200000| Complete 
| 243|0x00000000ef300000, 0x00000000ef400000, 0x00000000ef400000|100%| E|CS|TAMS 0x00000000ef300000, 0x00000000ef300000| Complete 
| 244|0x00000000ef400000, 0x00000000ef500000, 0x00000000ef500000|100%| E|CS|TAMS 0x00000000ef400000, 0x00000000ef400000| Complete 
| 245|0x00000000ef500000, 0x00000000ef600000, 0x00000000ef600000|100%| E|CS|TAMS 0x00000000ef500000, 0x00000000ef500000| Complete 
| 246|0x00000000ef600000, 0x00000000ef700000, 0x00000000ef700000|100%| E|CS|TAMS 0x00000000ef600000, 0x00000000ef600000| Complete 
| 247|0x00000000ef700000, 0x00000000ef800000, 0x00000000ef800000|100%| E|CS|TAMS 0x00000000ef700000, 0x00000000ef700000| Complete 
| 248|0x00000000ef800000, 0x00000000ef900000, 0x00000000ef900000|100%| E|CS|TAMS 0x00000000ef800000, 0x00000000ef800000| Complete 
| 249|0x00000000ef900000, 0x00000000efa00000, 0x00000000efa00000|100%| E|CS|TAMS 0x00000000ef900000, 0x00000000ef900000| Complete 
| 250|0x00000000efa00000, 0x00000000efb00000, 0x00000000efb00000|100%| E|CS|TAMS 0x00000000efa00000, 0x00000000efa00000| Complete 
| 251|0x00000000efb00000, 0x00000000efc00000, 0x00000000efc00000|100%| E|CS|TAMS 0x00000000efb00000, 0x00000000efb00000| Complete 
| 252|0x00000000efc00000, 0x00000000efd00000, 0x00000000efd00000|100%| E|CS|TAMS 0x00000000efc00000, 0x00000000efc00000| Complete 
| 253|0x00000000efd00000, 0x00000000efe00000, 0x00000000efe00000|100%| E|CS|TAMS 0x00000000efd00000, 0x00000000efd00000| Complete 
| 254|0x00000000efe00000, 0x00000000eff00000, 0x00000000eff00000|100%| E|CS|TAMS 0x00000000efe00000, 0x00000000efe00000| Complete 
| 255|0x00000000eff00000, 0x00000000f0000000, 0x00000000f0000000|100%| E|CS|TAMS 0x00000000eff00000, 0x00000000eff00000| Complete 

Card table byte_map: [0x000001b965620000,0x000001b965720000] _byte_map_base: 0x000001b964f20000

Marking Bits (Prev, Next): (CMBitMap*) 0x000001b94f026150, (CMBitMap*) 0x000001b94f026118
 Prev Bits: [0x000001b966020000, 0x000001b966820000)
 Next Bits: [0x000001b965820000, 0x000001b966020000)

Polling page: 0x000001b94e7d0000

Metaspace:

Usage:
  Non-class:     69.90 MB capacity,    67.27 MB ( 96%) used,     2.39 MB (  3%) free+waste,   239.00 KB ( <1%) overhead. 
      Class:     11.10 MB capacity,     9.97 MB ( 90%) used,     1.02 MB (  9%) free+waste,   117.06 KB (  1%) overhead. 
       Both:     81.00 MB capacity,    77.24 MB ( 95%) used,     3.41 MB (  4%) free+waste,   356.06 KB ( <1%) overhead. 

Virtual space:
  Non-class space:       72.00 MB reserved,      70.13 MB ( 97%) committed 
      Class space:      248.00 MB reserved,      11.20 MB (  5%) committed 
             Both:      320.00 MB reserved,      81.33 MB ( 25%) committed 

Chunk freelists:
   Non-Class:  5.88 KB
       Class:  2.63 KB
        Both:  8.50 KB

CodeHeap 'non-profiled nmethods': size=120064Kb used=7008Kb max_used=7008Kb free=113055Kb
 bounds [0x000001b95e0e0000, 0x000001b95e7c0000, 0x000001b965620000]
CodeHeap 'profiled nmethods': size=120000Kb used=25174Kb max_used=25174Kb free=94826Kb
 bounds [0x000001b956bb0000, 0x000001b958450000, 0x000001b95e0e0000]
CodeHeap 'non-nmethods': size=5696Kb used=2268Kb max_used=2333Kb free=3427Kb
 bounds [0x000001b956620000, 0x000001b956890000, 0x000001b956bb0000]
 total_blobs=12274 nmethods=11415 adapters=769
 compilation: enabled
              stopped_count=0, restarted_count=0
 full_count=0

Compilation events (10 events):
Event: 85.424 Thread 0x000001b9697ac800 nmethod 11439 0x000001b958443a10 code [0x000001b958443be0, 0x000001b958443f18]
Event: 85.424 Thread 0x000001b9697ac800 11440       3       org.gradle.internal.execution.history.impl.FingerprintMapSerializer::readContentHash (63 bytes)
Event: 85.424 Thread 0x000001b9697ac800 nmethod 11440 0x000001b958444010 code [0x000001b958444220, 0x000001b9584447b8]
Event: 85.424 Thread 0x000001b9697ac800 11441       3       org.gradle.internal.fingerprint.impl.DefaultFileSystemLocationFingerprint::<init> (18 bytes)
Event: 85.424 Thread 0x000001b9697ac800 nmethod 11441 0x000001b958444a10 code [0x000001b958444be0, 0x000001b958445028]
Event: 85.425 Thread 0x000001b9697a5800 nmethod 11442 0x000001b95e7b7b90 code [0x000001b95e7b7d20, 0x000001b95e7b7e78]
Event: 85.426 Thread 0x000001b9697ac800 11443   !   3       sun.nio.cs.StreamDecoder::inReady (36 bytes)
Event: 85.426 Thread 0x000001b9697ac800 nmethod 11443 0x000001b958445190 code [0x000001b958445340, 0x000001b9584456e8]
Event: 85.426 Thread 0x000001b9697ac800 11444       1       org.gradle.internal.logging.sink.OutputEventRenderer::access$800 (5 bytes)
Event: 85.426 Thread 0x000001b9697ac800 nmethod 11444 0x000001b95e7b7f90 code [0x000001b95e7b8120, 0x000001b95e7b81b8]

GC Heap History (10 events):
Event: 43.361 GC heap after
{Heap after GC invocations=10 (full 0):
 garbage-first heap   total 262144K, used 36058K [0x00000000e0000000, 0x0000000100000000)
  region size 1024K, 20 young (20480K), 20 survivors (20480K)
 Metaspace       used 49407K, capacity 50604K, committed 50896K, reserved 299008K
  class space    used 6278K, capacity 6658K, committed 6732K, reserved 253952K
}
Event: 51.349 GC heap before
{Heap before GC invocations=10 (full 0):
 garbage-first heap   total 262144K, used 144602K [0x00000000e0000000, 0x0000000100000000)
  region size 1024K, 127 young (130048K), 20 survivors (20480K)
 Metaspace       used 58750K, capacity 60371K, committed 60496K, reserved 307200K
  class space    used 7500K, capacity 8064K, committed 8140K, reserved 253952K
}
Event: 51.371 GC heap after
{Heap after GC invocations=11 (full 0):
 garbage-first heap   total 262144K, used 46041K [0x00000000e0000000, 0x0000000100000000)
  region size 1024K, 10 young (10240K), 10 survivors (10240K)
 Metaspace       used 58750K, capacity 60371K, committed 60496K, reserved 307200K
  class space    used 7500K, capacity 8064K, committed 8140K, reserved 253952K
}
Event: 61.991 GC heap before
{Heap before GC invocations=12 (full 0):
 garbage-first heap   total 262144K, used 174041K [0x00000000e0000000, 0x0000000100000000)
  region size 1024K, 136 young (139264K), 10 survivors (10240K)
 Metaspace       used 67172K, capacity 69812K, committed 69840K, reserved 315392K
  class space    used 8666K, capacity 9537K, committed 9548K, reserved 253952K
}
Event: 62.013 GC heap after
{Heap after GC invocations=13 (full 0):
 garbage-first heap   total 262144K, used 63488K [0x00000000e0000000, 0x0000000100000000)
  region size 1024K, 17 young (17408K), 17 survivors (17408K)
 Metaspace       used 67172K, capacity 69812K, committed 69840K, reserved 315392K
  class space    used 8666K, capacity 9537K, committed 9548K, reserved 253952K
}
Event: 78.951 GC heap before
{Heap before GC invocations=13 (full 0):
 garbage-first heap   total 262144K, used 189440K [0x00000000e0000000, 0x0000000100000000)
  region size 1024K, 137 young (140288K), 17 survivors (17408K)
 Metaspace       used 73430K, capacity 76987K, committed 77264K, reserved 321536K
  class space    used 9545K, capacity 10534K, committed 10572K, reserved 253952K
}
Event: 78.978 GC heap after
{Heap after GC invocations=14 (full 0):
 garbage-first heap   total 262144K, used 84469K [0x00000000e0000000, 0x0000000100000000)
  region size 1024K, 18 young (18432K), 18 survivors (18432K)
 Metaspace       used 73430K, capacity 76987K, committed 77264K, reserved 321536K
  class space    used 9545K, capacity 10534K, committed 10572K, reserved 253952K
}
Event: 82.844 GC heap before
{Heap before GC invocations=14 (full 0):
 garbage-first heap   total 262144K, used 196085K [0x00000000e0000000, 0x0000000100000000)
  region size 1024K, 127 young (130048K), 18 survivors (18432K)
 Metaspace       used 77149K, capacity 80806K, committed 81104K, reserved 325632K
  class space    used 9919K, capacity 11022K, committed 11084K, reserved 253952K
}
Event: 82.872 GC heap after
{Heap after GC invocations=15 (full 0):
 garbage-first heap   total 262144K, used 100352K [0x00000000e0000000, 0x0000000100000000)
  region size 1024K, 16 young (16384K), 16 survivors (16384K)
 Metaspace       used 77149K, capacity 80806K, committed 81104K, reserved 325632K
  class space    used 9919K, capacity 11022K, committed 11084K, reserved 253952K
}
Event: 85.446 GC heap before
{Heap before GC invocations=15 (full 0):
 garbage-first heap   total 262144K, used 198656K [0x00000000e0000000, 0x0000000100000000)
  region size 1024K, 113 young (115712K), 16 survivors (16384K)
 Metaspace       used 79095K, capacity 82944K, committed 83280K, reserved 327680K
  class space    used 10208K, capacity 11371K, committed 11468K, reserved 253952K
}

Deoptimization events (10 events):
Event: 83.783 Thread 0x000001b96b967800 Uncommon trap: reason=unstable_if action=reinterpret pc=0x000001b95e6d3178 method=java.util.concurrent.ConcurrentHashMap.putVal(Ljava/lang/Object;Ljava/lang/Object;Z)Ljava/lang/Object; @ 97 c2
Event: 83.889 Thread 0x000001b96982f800 Uncommon trap: reason=bimorphic_or_optimized_type_check action=maybe_recompile pc=0x000001b95e3d4a6c method=java.util.Arrays.binarySearch0([Ljava/lang/Object;IILjava/lang/Object;Ljava/util/Comparator;)I @ 48 c2
Event: 83.889 Thread 0x000001b96982f800 Uncommon trap: reason=bimorphic_or_optimized_type_check action=maybe_recompile pc=0x000001b95e3d4a6c method=java.util.Arrays.binarySearch0([Ljava/lang/Object;IILjava/lang/Object;Ljava/util/Comparator;)I @ 48 c2
Event: 83.889 Thread 0x000001b96982f800 Uncommon trap: reason=bimorphic_or_optimized_type_check action=maybe_recompile pc=0x000001b95e3d4a6c method=java.util.Arrays.binarySearch0([Ljava/lang/Object;IILjava/lang/Object;Ljava/util/Comparator;)I @ 48 c2
Event: 83.889 Thread 0x000001b96982f800 Uncommon trap: reason=bimorphic_or_optimized_type_check action=maybe_recompile pc=0x000001b95e3d4a6c method=java.util.Arrays.binarySearch0([Ljava/lang/Object;IILjava/lang/Object;Ljava/util/Comparator;)I @ 48 c2
Event: 83.895 Thread 0x000001b96b967800 Uncommon trap: reason=bimorphic_or_optimized_type_check action=maybe_recompile pc=0x000001b95e3dace0 method=java.util.Arrays.binarySearch0([Ljava/lang/Object;IILjava/lang/Object;Ljava/util/Comparator;)I @ 48 c2
Event: 83.915 Thread 0x000001b96a6b7800 Uncommon trap: reason=bimorphic_or_optimized_type_check action=maybe_recompile pc=0x000001b95e2619dc method=java.util.Collections$SetFromMap.remove(Ljava/lang/Object;)Z @ 5 c2
Event: 83.916 Thread 0x000001b96b968800 Uncommon trap: reason=bimorphic_or_optimized_type_check action=maybe_recompile pc=0x000001b95e2619dc method=java.util.Collections$SetFromMap.remove(Ljava/lang/Object;)Z @ 5 c2
Event: 83.916 Thread 0x000001b96b967800 Uncommon trap: reason=bimorphic_or_optimized_type_check action=maybe_recompile pc=0x000001b95e2619dc method=java.util.Collections$SetFromMap.remove(Ljava/lang/Object;)Z @ 5 c2
Event: 83.916 Thread 0x000001b96b962800 Uncommon trap: reason=bimorphic_or_optimized_type_check action=maybe_recompile pc=0x000001b95e2619dc method=java.util.Collections$SetFromMap.remove(Ljava/lang/Object;)Z @ 5 c2

Classes redefined (0 events):
No events

Internal exceptions (10 events):
Event: 74.486 Thread 0x000001b96a6b7800 Exception <a 'java/lang/ClassNotFoundException'{0x00000000e93ce5b8}: build_9hpr4d91u167gztjbnpl8q7ipCustomizer> (0x00000000e93ce5b8) thrown at [./open/src/hotspot/share/classfile/systemDictionary.cpp, line 227]
Event: 74.814 Thread 0x000001b96a6b7800 Exception <a 'java/lang/ClassNotFoundException'{0x00000000e922d588}: build_9hpr4d91u167gztjbnpl8q7ip$_run_closure1BeanInfo> (0x00000000e922d588) thrown at [./open/src/hotspot/share/classfile/systemDictionary.cpp, line 227]
Event: 74.814 Thread 0x000001b96a6b7800 Exception <a 'java/lang/ClassNotFoundException'{0x00000000e9234210}: build_9hpr4d91u167gztjbnpl8q7ip$_run_closure1Customizer> (0x00000000e9234210) thrown at [./open/src/hotspot/share/classfile/systemDictionary.cpp, line 227]
Event: 76.998 Thread 0x000001b96a6b7800 Exception <a 'java/lang/ClassNotFoundException'{0x00000000e8f06918}: build_9hpr4d91u167gztjbnpl8q7ipBeanInfo> (0x00000000e8f06918) thrown at [./open/src/hotspot/share/classfile/systemDictionary.cpp, line 227]
Event: 76.998 Thread 0x000001b96a6b7800 Exception <a 'java/lang/ClassNotFoundException'{0x00000000e8f0fd98}: build_9hpr4d91u167gztjbnpl8q7ipCustomizer> (0x00000000e8f0fd98) thrown at [./open/src/hotspot/share/classfile/systemDictionary.cpp, line 227]
Event: 79.138 Thread 0x000001b96a6b7800 Exception <a 'java/lang/ClassNotFoundException'{0x00000000efd67d68}: build_9hpr4d91u167gztjbnpl8q7ip$_run_closure1BeanInfo> (0x00000000efd67d68) thrown at [./open/src/hotspot/share/classfile/systemDictionary.cpp, line 227]
Event: 79.138 Thread 0x000001b96a6b7800 Exception <a 'java/lang/ClassNotFoundException'{0x00000000efd73630}: build_9hpr4d91u167gztjbnpl8q7ip$_run_closure1Customizer> (0x00000000efd73630) thrown at [./open/src/hotspot/share/classfile/systemDictionary.cpp, line 227]
Event: 79.814 Thread 0x000001b96a6b7800 Implicit null exception at 0x000001b95e5f47c2 to 0x000001b95e5f4bc8
Event: 79.814 Thread 0x000001b96a6b7800 Implicit null exception at 0x000001b95e627f0e to 0x000001b95e628188
Event: 79.965 Thread 0x000001b96a6b7800 Implicit null exception at 0x000001b95e260074 to 0x000001b95e260640

Events (10 events):
Event: 84.584 Thread 0x000001b96c3f9000 Thread exited: 0x000001b96c3f9000
Event: 84.869 loading class com/google/common/cache/LocalCache$AccessQueue$2
Event: 84.869 loading class com/google/common/cache/LocalCache$AccessQueue$2 done
Event: 84.869 loading class com/google/common/collect/AbstractSequentialIterator
Event: 84.869 loading class com/google/common/collect/AbstractSequentialIterator done
Event: 84.869 loading class com/google/common/cache/RemovalNotification
Event: 84.869 loading class com/google/common/cache/RemovalNotification done
Event: 84.870 Executing VM operation: Deoptimize
Event: 84.871 Executing VM operation: Deoptimize done
Event: 85.446 Executing VM operation: G1CollectForAllocation


Dynamic libraries:
0x00007ff7d8b10000 - 0x00007ff7d8b1f000 	C:\Program Files\Java\jdk-11.0.13\bin\java.exe
0x00007ffc5dc60000 - 0x00007ffc5de4d000 	C:\WINDOWS\SYSTEM32\ntdll.dll
0x00007ffc5db70000 - 0x00007ffc5dc23000 	C:\WINDOWS\System32\KERNEL32.DLL
0x00007ffc5a080000 - 0x00007ffc5a315000 	C:\WINDOWS\System32\KERNELBASE.dll
0x00007ffc5abc0000 - 0x00007ffc5acba000 	C:\WINDOWS\System32\ucrtbase.dll
0x00007ffc53da0000 - 0x00007ffc53db5000 	C:\Program Files\Java\jdk-11.0.13\bin\VCRUNTIME140.dll
0x00007ffc4e8a0000 - 0x00007ffc4e8b8000 	C:\Program Files\Java\jdk-11.0.13\bin\jli.dll
0x00007ffc5b4a0000 - 0x00007ffc5b543000 	C:\WINDOWS\System32\ADVAPI32.dll
0x00007ffc5da70000 - 0x00007ffc5db0e000 	C:\WINDOWS\System32\msvcrt.dll
0x00007ffc5d6d0000 - 0x00007ffc5d76f000 	C:\WINDOWS\System32\sechost.dll
0x00007ffc5b550000 - 0x00007ffc5b672000 	C:\WINDOWS\System32\RPCRT4.dll
0x00007ffc5d770000 - 0x00007ffc5d907000 	C:\WINDOWS\System32\USER32.dll
0x00007ffc5ab50000 - 0x00007ffc5ab70000 	C:\WINDOWS\System32\win32u.dll
0x00007ffc5d3b0000 - 0x00007ffc5d3d9000 	C:\WINDOWS\System32\GDI32.dll
0x00007ffc5ace0000 - 0x00007ffc5ae7c000 	C:\WINDOWS\System32\gdi32full.dll
0x00007ffc428c0000 - 0x00007ffc42b39000 	C:\WINDOWS\WinSxS\amd64_microsoft.windows.common-controls_6595b64144ccf1df_6.0.17763.1637_none_de704308534c3ec5\COMCTL32.dll
0x00007ffc5a350000 - 0x00007ffc5a3f0000 	C:\WINDOWS\System32\msvcp_win.dll
0x00007ffc5b680000 - 0x00007ffc5b9ae000 	C:\WINDOWS\System32\combase.dll
0x00007ffc59f50000 - 0x00007ffc59fcf000 	C:\WINDOWS\System32\bcryptPrimitives.dll
0x00007ffc53e10000 - 0x00007ffc53e1a000 	C:\WINDOWS\SYSTEM32\VERSION.dll
0x00007ffc5bc80000 - 0x00007ffc5bcae000 	C:\WINDOWS\System32\IMM32.DLL
0x00007ffc4e800000 - 0x00007ffc4e89b000 	C:\Program Files\Java\jdk-11.0.13\bin\msvcp140.dll
0x00007ffc40370000 - 0x00007ffc40e83000 	C:\Program Files\Java\jdk-11.0.13\bin\server\jvm.dll
0x00007ffc5d9e0000 - 0x00007ffc5d9e8000 	C:\WINDOWS\System32\PSAPI.DLL
0x00007ffc53b40000 - 0x00007ffc53b64000 	C:\WINDOWS\SYSTEM32\WINMM.dll
0x00007ffc4e7f0000 - 0x00007ffc4e7f9000 	C:\WINDOWS\SYSTEM32\WSOCK32.dll
0x00007ffc5d970000 - 0x00007ffc5d9dd000 	C:\WINDOWS\System32\ws2_32.DLL
0x00007ffc53b10000 - 0x00007ffc53b3d000 	C:\WINDOWS\SYSTEM32\WINMMBASE.dll
0x00007ffc5ab70000 - 0x00007ffc5abba000 	C:\WINDOWS\System32\cfgmgr32.dll
0x00007ffc59c40000 - 0x00007ffc59c51000 	C:\WINDOWS\System32\kernel.appcore.dll
0x00007ffc4e7e0000 - 0x00007ffc4e7f0000 	C:\Program Files\Java\jdk-11.0.13\bin\verify.dll
0x00007ffc4bd00000 - 0x00007ffc4beed000 	C:\WINDOWS\SYSTEM32\DBGHELP.DLL
0x00007ffc4bcd0000 - 0x00007ffc4bcfa000 	C:\WINDOWS\SYSTEM32\dbgcore.DLL
0x00007ffc4e7b0000 - 0x00007ffc4e7d8000 	C:\Program Files\Java\jdk-11.0.13\bin\java.dll
0x00007ffc4e7a0000 - 0x00007ffc4e7aa000 	C:\Program Files\Java\jdk-11.0.13\bin\jimage.dll
0x00007ffc4e780000 - 0x00007ffc4e796000 	C:\Program Files\Java\jdk-11.0.13\bin\zip.dll
0x00007ffc5bcb0000 - 0x00007ffc5d1a9000 	C:\WINDOWS\System32\SHELL32.dll
0x00007ffc5bbd0000 - 0x00007ffc5bc78000 	C:\WINDOWS\System32\shcore.dll
0x00007ffc5a3f0000 - 0x00007ffc5ab43000 	C:\WINDOWS\System32\windows.storage.dll
0x00007ffc59ce0000 - 0x00007ffc59d04000 	C:\WINDOWS\System32\profapi.dll
0x00007ffc59c80000 - 0x00007ffc59cdd000 	C:\WINDOWS\System32\powrprof.dll
0x00007ffc5d910000 - 0x00007ffc5d962000 	C:\WINDOWS\System32\shlwapi.dll
0x00007ffc5acc0000 - 0x00007ffc5acd7000 	C:\WINDOWS\System32\cryptsp.dll
0x00007ffc4e760000 - 0x00007ffc4e779000 	C:\Program Files\Java\jdk-11.0.13\bin\net.dll
0x00007ffc558d0000 - 0x00007ffc559c4000 	C:\WINDOWS\SYSTEM32\WINHTTP.dll
0x00007ffc594b0000 - 0x00007ffc59517000 	C:\WINDOWS\system32\mswsock.dll
0x00007ffc4e740000 - 0x00007ffc4e752000 	C:\Program Files\Java\jdk-11.0.13\bin\nio.dll
0x00007ffc4e710000 - 0x00007ffc4e73a000 	C:\Users\affity\.gradle\native\36\windows-amd64\native-platform.dll
0x00007ffc4e6f0000 - 0x00007ffc4e6f9000 	C:\Program Files\Java\jdk-11.0.13\bin\management.dll
0x00007ffc4e6e0000 - 0x00007ffc4e6eb000 	C:\Program Files\Java\jdk-11.0.13\bin\management_ext.dll
0x00007ffc59030000 - 0x00007ffc59063000 	C:\WINDOWS\system32\rsaenh.dll
0x00007ffc5a320000 - 0x00007ffc5a346000 	C:\WINDOWS\System32\bcrypt.dll
0x00007ffc59b40000 - 0x00007ffc59b69000 	C:\WINDOWS\SYSTEM32\USERENV.dll
0x00007ffc59680000 - 0x00007ffc5968c000 	C:\WINDOWS\SYSTEM32\CRYPTBASE.dll
0x00007ffc591d0000 - 0x00007ffc5920d000 	C:\WINDOWS\SYSTEM32\IPHLPAPI.DLL
0x00007ffc5d590000 - 0x00007ffc5d598000 	C:\WINDOWS\System32\NSI.dll
0x00007ffc548e0000 - 0x00007ffc548f6000 	C:\WINDOWS\SYSTEM32\dhcpcsvc6.DLL
0x00007ffc54830000 - 0x00007ffc5484c000 	C:\WINDOWS\SYSTEM32\dhcpcsvc.DLL
0x00007ffc59210000 - 0x00007ffc592d6000 	C:\WINDOWS\SYSTEM32\DNSAPI.dll

dbghelp: loaded successfully - version: 4.0.5 - missing functions: none
symbol engine: initialized successfully - sym options: 0x614 - pdb path: .;C:\Program Files\Java\jdk-11.0.13\bin;C:\WINDOWS\SYSTEM32;C:\WINDOWS\WinSxS\amd64_microsoft.windows.common-controls_6595b64144ccf1df_6.0.17763.1637_none_de704308534c3ec5;C:\Program Files\Java\jdk-11.0.13\bin\server;C:\Users\affity\.gradle\native\36\windows-amd64

VM Arguments:
jvm_args: --add-opens=java.base/java.util=ALL-UNNAMED --add-opens=java.base/java.lang=ALL-UNNAMED --add-opens=java.base/java.lang.invoke=ALL-UNNAMED --add-opens=java.prefs/java.util.prefs=ALL-UNNAMED -XX:MaxMetaspaceSize=256m -XX:+HeapDumpOnOutOfMemoryError -Xms256m -Xmx512m -Dfile.encoding=windows-1252 -Duser.country=IN -Duser.language=en -Duser.variant 
java_command: org.gradle.launcher.daemon.bootstrap.GradleDaemon 6.2
java_class_path (initial): C:\Users\affity\.gradle\wrapper\dists\gradle-6.2-all\dvufqs6kielxeao781pmk5huj\gradle-6.2\lib\gradle-launcher-6.2.jar
Launcher Type: SUN_STANDARD

[Global flags]
     intx CICompilerCount                          = 3                                         {product} {ergonomic}
   size_t CompressedClassSpaceSize                 = 260046848                                 {product} {ergonomic}
     uint ConcGCThreads                            = 1                                         {product} {ergonomic}
     uint G1ConcRefinementThreads                  = 4                                         {product} {ergonomic}
   size_t G1HeapRegionSize                         = 1048576                                   {product} {ergonomic}
    uintx GCDrainStackTargetSize                   = 64                                        {product} {ergonomic}
     bool HeapDumpOnOutOfMemoryError               = true                                   {manageable} {command line}
   size_t InitialHeapSize                          = 268435456                                 {product} {command line}
   size_t MarkStackSize                            = 4194304                                   {product} {ergonomic}
   size_t MaxHeapSize                              = 536870912                                 {product} {command line}
   size_t MaxMetaspaceSize                         = 268435456                                 {product} {command line}
   size_t MaxNewSize                               = 321912832                                 {product} {ergonomic}
   size_t MinHeapDeltaBytes                        = 1048576                                   {product} {ergonomic}
    uintx NonNMethodCodeHeapSize                   = 5830732                                {pd product} {ergonomic}
    uintx NonProfiledCodeHeapSize                  = 122913754                              {pd product} {ergonomic}
    uintx ProfiledCodeHeapSize                     = 122913754                              {pd product} {ergonomic}
    uintx ReservedCodeCacheSize                    = 251658240                              {pd product} {ergonomic}
     bool SegmentedCodeCache                       = true                                      {product} {ergonomic}
     bool UseCompressedClassPointers               = true                                 {lp64_product} {ergonomic}
     bool UseCompressedOops                        = true                                 {lp64_product} {ergonomic}
     bool UseG1GC                                  = true                                      {product} {ergonomic}
     bool UseLargePagesIndividualAllocation        = false                                  {pd product} {ergonomic}

Logging:
Log output configuration:
 #0: stdout all=warning uptime,level,tags
 #1: stderr all=off uptime,level,tags

Environment Variables:
JAVA_HOME=C:\Program Files\Java\jdk-11.0.13
CLASSPATH=E:\react-native\team-motivation-1\team-motivation-1\android\\gradle\wrapper\gradle-wrapper.jar
PATH=E:\react-native\team-motivation-1\team-motivation-1\android\node_modules\.bin;E:\react-native\team-motivation-1\team-motivation-1\node_modules\.bin;E:\react-native\team-motivation-1\node_modules\.bin;E:\react-native\node_modules\.bin;E:\node_modules\.bin;C:\Program Files\nodejs;E:\react-native\team-motivation-1\team-motivation-1\node_modules\.bin;E:\react-native\team-motivation-1\node_modules\.bin;E:\react-native\node_modules\.bin;E:\node_modules\.bin;C:\Program Files\nodejs\node_modules\npm\node_modules\@npmcli\run-script\lib\node-gyp-bin;C:\Program Files\Common Files\Oracle\Java\javapath;C:\Python310\Scripts\;C:\Python310\;C:\Program Files (x86)\Common Files\Intel\Shared Libraries\redist\intel64\compiler;C:\Program Files (x86)\Common Files\Oracle\Java\javapath;C:\Program Files (x86)\Common Files\Intel\Shared Files\cpp\bin\Intel64;C:\WINDOWS\system32;C:\WINDOWS;C:\WINDOWS\System32\Wbem;C:\WINDOWS\System32\WindowsPowerShell\v1.0\;C:\WINDOWS\system32\config\systemprofile\.dnx\bin;C:\Program Files\Microsoft DNX\Dnvm\;C:\Program Files\Microsoft SQL Server\130\Tools\Binn\;C:\Program Files\Java\jdk-11.0.13\bin;C:\Program Files (x86)\Microsoft Visual Studio 14.0\Apps\apache-ant-1.9.3;C:\Program Files (x86)\Android\android-sdk\tools;C:\Program Files (x86)\Android\android-sdk\platform-tools;C:\Users\affity\AppData\Roaming\npm;C:\WINDOWS\System32\OpenSSH\;C:\Program Files\PuTTY\;C:\ProgramData\chocolatey\bin;C:\xampp\php;C:\composer;C:\Program Files\Git\cmd;C:\Program Files\nodejs\;C:\Users\affity\AppData\Local\Microsoft\WindowsApps;C:\Program Files (x86)\Microsoft Visual Studio 14.0\Apps\apache-ant-1.9.3;C:\Program Files\Java\jdk-11.0.13\bin;E:\Android\platform-tools;E:\Android\tools;C:\flutter\bin;C:\Users\affity\AppData\Local\Programs\Microsoft VS Code\bin;C:\Users\affity\AppData\Roaming\Composer\vendor\bin;C:\Users\affity\AppData\Roaming\npm;;E:\react-native\team-motivation-1\team-motivation-1\node_modules\.bin
USERNAME=affity
OS=Windows_NT
PROCESSOR_IDENTIFIER=Intel64 Family 6 Model 60 Stepping 3, GenuineIntel



---------------  S Y S T E M  ---------------

OS: Windows 10 , 64 bit Build 17763 (10.0.17763.475)

CPU:total 4 (initial active 4) (4 cores per cpu, 1 threads per core) family 6 model 60 stepping 3 microcode 0x28, cmov, cx8, fxsr, mmx, sse, sse2, sse3, ssse3, sse4.1, sse4.2, popcnt, avx, avx2, aes, clmul, erms, lzcnt, tsc, tscinvbit, bmi1, bmi2, fma

Memory: 4k page, system-wide physical 8063M (3247M free)
TotalPageFile size 11391M (AvailPageFile size 6721M)
current process WorkingSet (physical memory assigned to process): 484M, peak: 490M
current process commit charge ("private bytes"): 527M, peak: 535M

vm_info: Java HotSpot(TM) 64-Bit Server VM (11.0.13+10-LTS-370) for windows-amd64 JRE (11.0.13+10-LTS-370), built on Sep 15 2021 22:10:36 by "mach5one" with MS VC++ 15.9 (VS2017)

END.
